<?xml version="1.0" encoding="UTF-8"?>
<!-- Generated by org.testng.reporters.JUnitReportReporter -->
<testsuite skipped="0" hostname="DeepakVarma" name="testCases.AuthorizationTestCases" tests="2" failures="0" timestamp="2020-11-08T16:24:13 IST" time="4.294" errors="0">
  <testcase name="authorizationPositive" time="2.788" classname="testCases.AuthorizationTestCases"/>
  <system-out/>
  <testcase name="authorizationNegative" time="1.506" classname="testCases.AuthorizationTestCases"/>
  <system-out/>
</testsuite> <!-- testCases.AuthorizationTestCases -->
