<?xml version="1.0" encoding="UTF-8"?>
<!-- Generated by org.testng.reporters.JUnitReportReporter -->
<testsuite skipped="0" hostname="A2ML31095" name="scripts.TokenGenerationTestCase" tests="2" failures="0" timestamp="23 Nov 2020 09:46:29 GMT" time="2.292" errors="0">
  <testcase name="getTokenPositive" time="1.183" classname="scripts.TokenGenerationTestCase"/>
  <testcase name="getTokenNegative" time="1.109" classname="scripts.TokenGenerationTestCase"/>
</testsuite> <!-- scripts.TokenGenerationTestCase -->
