<?xml version="1.0" encoding="UTF-8"?>
<!-- Generated by org.testng.reporters.JUnitReportReporter -->
<testsuite skipped="0" hostname="A2ML31095" name="scripts.GetUser" tests="1" failures="0" timestamp="25 Nov 2020 09:42:04 GMT" time="6.375" errors="0">
  <testcase name="getUser" time="6.375" classname="scripts.GetUser"/>
</testsuite> <!-- scripts.GetUser -->
