<?xml version="1.0" encoding="UTF-8"?>
<!-- Generated by org.testng.reporters.JUnitReportReporter -->
<testsuite skipped="0" hostname="A2ML31095" name="scripts.TokenGenerationTestCase" tests="2" failures="0" timestamp="20 Nov 2020 12:43:40 GMT" time="3.631" errors="0">
  <testcase name="getTokenPositive" time="1.598" classname="scripts.TokenGenerationTestCase"/>
  <testcase name="getTokenNegative" time="2.033" classname="scripts.TokenGenerationTestCase"/>
</testsuite> <!-- scripts.TokenGenerationTestCase -->
