<?xml version="1.0" encoding="UTF-8"?>
<!-- Generated by org.testng.reporters.JUnitReportReporter -->
<testsuite skipped="0" hostname="A2ML31095" name="scripts.RegisterTestCase" tests="1" failures="0" timestamp="18 Nov 2020 08:34:21 GMT" time="2.296" errors="0">
  <testcase name="registered" time="2.296" classname="scripts.RegisterTestCase"/>
</testsuite> <!-- scripts.RegisterTestCase -->
