<?xml version="1.0" encoding="UTF-8"?>
<!-- Generated by org.testng.reporters.JUnitReportReporter -->
<testsuite skipped="0" hostname="A2ML31095" name="scripts.GetUser" tests="1" failures="0" timestamp="20 Nov 2020 14:19:22 GMT" time="9.354" errors="0">
  <testcase name="getUser" time="9.354" classname="scripts.GetUser"/>
</testsuite> <!-- scripts.GetUser -->
