<?xml version="1.0" encoding="UTF-8"?>
<!-- Generated by org.testng.reporters.JUnitReportReporter -->
<testsuite skipped="0" hostname="DeepakVarma" name="scripts.AuthorizationTestCases" tests="2" failures="0" timestamp="2020-11-14T14:54:52 IST" time="2.979" errors="0">
  <testcase name="authorizationPositive" time="1.564" classname="scripts.AuthorizationTestCases"/>
  <system-out/>
  <testcase name="authorizationNegative" time="1.415" classname="scripts.AuthorizationTestCases"/>
  <system-out/>
</testsuite> <!-- scripts.AuthorizationTestCases -->
