<?xml version="1.0" encoding="UTF-8"?>
<!-- Generated by org.testng.reporters.JUnitReportReporter -->
<testsuite skipped="0" hostname="A2ML31095" name="scripts.GetUser" tests="1" failures="0" timestamp="23 Nov 2020 09:46:29 GMT" time="5.616" errors="0">
  <testcase name="getUser" time="5.616" classname="scripts.GetUser"/>
</testsuite> <!-- scripts.GetUser -->
