<?xml version="1.0" encoding="UTF-8"?>
<!-- Generated by org.testng.reporters.JUnitReportReporter -->
<testsuite skipped="0" hostname="DeepakVarma" name="scripts.TokenGenerationTestCase" tests="2" failures="0" timestamp="2020-11-14T14:54:52 IST" time="4.445" errors="0">
  <testcase name="getTokenNegative" time="2.541" classname="scripts.TokenGenerationTestCase"/>
  <system-out/>
  <testcase name="getTokenPositive" time="1.904" classname="scripts.TokenGenerationTestCase"/>
  <system-out/>
</testsuite> <!-- scripts.TokenGenerationTestCase -->
