<?xml version="1.0" encoding="UTF-8"?>
<!-- Generated by org.testng.reporters.JUnitReportReporter -->
<testsuite skipped="0" hostname="DeepakVarma" name="testCases.TokenGenerationTestCase" tests="2" failures="0" timestamp="2020-11-08T16:08:00 IST" time="6.293" errors="0">
  <testcase name="getTokenPositive" time="4.333" classname="testCases.TokenGenerationTestCase"/>
  <system-out/>
  <testcase name="getTokenNegative" time="1.960" classname="testCases.TokenGenerationTestCase"/>
  <system-out/>
</testsuite> <!-- testCases.TokenGenerationTestCase -->
