<?xml version="1.0" encoding="UTF-8"?>
<!-- Generated by org.testng.reporters.JUnitReportReporter -->
<testsuite skipped="0" hostname="A2ML31095" name="scripts.TokenGenerationTestCase" tests="2" failures="0" timestamp="20 Nov 2020 14:19:22 GMT" time="4.694" errors="0">
  <testcase name="getTokenPositive" time="2.523" classname="scripts.TokenGenerationTestCase"/>
  <testcase name="getTokenNegative" time="2.171" classname="scripts.TokenGenerationTestCase"/>
</testsuite> <!-- scripts.TokenGenerationTestCase -->
