<?xml version="1.0" encoding="UTF-8"?>
<!-- Generated by org.testng.reporters.JUnitReportReporter -->
<testsuite skipped="0" hostname="A2ML31095" name="scripts.AuthorizationTestCases" tests="2" failures="0" timestamp="23 Nov 2020 09:46:29 GMT" time="2.664" errors="0">
  <testcase name="authorizationPositive" time="1.431" classname="scripts.AuthorizationTestCases"/>
  <testcase name="authorizationNegative" time="1.233" classname="scripts.AuthorizationTestCases"/>
</testsuite> <!-- scripts.AuthorizationTestCases -->
