<?xml version="1.0" encoding="UTF-8"?>
<!-- Generated by org.testng.reporters.JUnitReportReporter -->
<testsuite skipped="0" hostname="A2ML31095" name="scripts.TokenGenerationTestCase" tests="2" failures="0" timestamp="25 Nov 2020 09:42:04 GMT" time="2.864" errors="0">
  <testcase name="getTokenPositive" time="1.766" classname="scripts.TokenGenerationTestCase"/>
  <testcase name="getTokenNegative" time="1.098" classname="scripts.TokenGenerationTestCase"/>
</testsuite> <!-- scripts.TokenGenerationTestCase -->
