<?xml version="1.0" encoding="UTF-8"?>
<!-- Generated by org.testng.reporters.JUnitReportReporter -->
<testsuite skipped="0" hostname="A2ML31095" name="scripts.GetBooks" tests="1" failures="0" timestamp="21 Nov 2020 15:33:36 GMT" time="2.959" errors="0">
  <testcase name="getBooks" time="2.959" classname="scripts.GetBooks"/>
</testsuite> <!-- scripts.GetBooks -->
