<?xml version="1.0" encoding="UTF-8"?>
<!-- Generated by org.testng.reporters.JUnitReportReporter -->
<testsuite skipped="0" hostname="A2ML31095" name="scripts.AuthorizationTestCases" tests="2" failures="0" timestamp="25 Nov 2020 09:42:04 GMT" time="3.279" errors="0">
  <testcase name="authorizationPositive" time="1.648" classname="scripts.AuthorizationTestCases"/>
  <testcase name="authorizationNegative" time="1.631" classname="scripts.AuthorizationTestCases"/>
</testsuite> <!-- scripts.AuthorizationTestCases -->
