<?xml version="1.0" encoding="UTF-8"?>
<!-- Generated by org.testng.reporters.JUnitReportReporter -->
<testsuite skipped="1" hostname="A2ML31095" name="scripts.TestDependecy" tests="2" failures="0" timestamp="23 Nov 2020 05:29:00 GMT" time="0.012" errors="0">
  <testcase name="testTwo" time="0.012" classname="scripts.TestDependecy"/>
  <testcase name="testOne" classname="scripts.TestDependecy">
    <skipped/>
  </testcase> <!-- testOne -->
</testsuite> <!-- scripts.TestDependecy -->
