<?xml version="1.0" encoding="UTF-8"?>
<!-- Generated by org.testng.reporters.JUnitReportReporter -->
<testsuite skipped="0" hostname="A2ML31095" name="scripts.GetBooks" tests="1" failures="0" timestamp="20 Nov 2020 12:43:40 GMT" time="1.862" errors="0">
  <testcase name="getBooks" time="1.862" classname="scripts.GetBooks"/>
</testsuite> <!-- scripts.GetBooks -->
