<?xml version="1.0" encoding="UTF-8"?>
<!-- Generated by org.testng.reporters.JUnitReportReporter -->
<testsuite skipped="0" hostname="A2ML31095" name="scripts.AuthorizationTestCases" tests="2" failures="0" timestamp="18 Nov 2020 08:34:21 GMT" time="5.637" errors="0">
  <testcase name="authorizationPositive" time="2.412" classname="scripts.AuthorizationTestCases"/>
  <testcase name="authorizationNegative" time="3.225" classname="scripts.AuthorizationTestCases"/>
</testsuite> <!-- scripts.AuthorizationTestCases -->
