<?xml version="1.0" encoding="UTF-8"?>
<!-- Generated by org.testng.reporters.JUnitReportReporter -->
<testsuite skipped="0" hostname="DeepakVarma" name="scripts.RegisterTestCase" tests="1" failures="0" timestamp="2020-11-14T14:54:52 IST" time="1.840" errors="0">
  <testcase name="registered" time="1.840" classname="scripts.RegisterTestCase"/>
  <system-out/>
</testsuite> <!-- scripts.RegisterTestCase -->
