<?xml version="1.0" encoding="UTF-8"?>
<!-- Generated by org.testng.reporters.JUnitReportReporter -->
<testsuite skipped="0" hostname="A2ML31095" name="scripts.TokenGenerationTestCase" tests="2" failures="0" timestamp="18 Nov 2020 08:34:21 GMT" time="6.373" errors="0">
  <testcase name="getTokenPositive" time="1.473" classname="scripts.TokenGenerationTestCase"/>
  <testcase name="getTokenNegative" time="4.900" classname="scripts.TokenGenerationTestCase"/>
</testsuite> <!-- scripts.TokenGenerationTestCase -->
