<?xml version="1.0" encoding="UTF-8"?>
<!-- Generated by org.testng.reporters.JUnitReportReporter -->
<testsuite skipped="0" hostname="DeepakVarma" name="testCases.GetUser" tests="1" failures="0" timestamp="2020-11-07T20:21:32 IST" time="8.519" errors="0">
  <testcase name="getUser" time="8.519" classname="testCases.GetUser"/>
  <system-out/>
</testsuite> <!-- testCases.GetUser -->
