<?xml version="1.0" encoding="UTF-8"?>
<!-- Generated by org.testng.reporters.JUnitReportReporter -->
<testsuite skipped="0" hostname="DeepakVarma" name="scripts.GetUser" tests="1" failures="0" timestamp="2020-11-14T14:54:52 IST" time="8.485" errors="0">
  <testcase name="getUser" time="8.485" classname="scripts.GetUser"/>
  <system-out/>
</testsuite> <!-- scripts.GetUser -->
