<?xml version="1.0" encoding="UTF-8"?>
<!-- Generated by org.testng.reporters.JUnitReportReporter -->
<testsuite skipped="0" hostname="A2ML31095" name="scripts.GetBooks" tests="1" failures="0" timestamp="23 Nov 2020 09:46:29 GMT" time="1.354" errors="0">
  <testcase name="getBooks" time="1.354" classname="scripts.GetBooks"/>
</testsuite> <!-- scripts.GetBooks -->
