<?xml version="1.0" encoding="UTF-8"?>
<!-- Generated by org.testng.reporters.JUnitReportReporter -->
<testsuite skipped="0" hostname="A2ML31095" name="scripts.GetBooks" tests="1" failures="0" timestamp="25 Nov 2020 09:42:04 GMT" time="2.194" errors="0">
  <testcase name="getBooks" time="2.194" classname="scripts.GetBooks"/>
</testsuite> <!-- scripts.GetBooks -->
