<?xml version="1.0" encoding="UTF-8"?>
<!-- Generated by org.testng.reporters.JUnitReportReporter -->
<testsuite skipped="0" hostname="A2ML31095" name="scripts.DeleteBook" tests="1" failures="0" timestamp="25 Nov 2020 08:58:31 GMT" time="7.232" errors="0">
  <testcase name="deleteBook" time="7.232" classname="scripts.DeleteBook"/>
</testsuite> <!-- scripts.DeleteBook -->
