<?xml version="1.0" encoding="UTF-8"?>
<!-- Generated by org.testng.reporters.JUnitReportReporter -->
<testsuite skipped="0" hostname="A2ML31095" name="scripts.RegisterTestCase" tests="1" failures="0" timestamp="20 Nov 2020 12:43:40 GMT" time="2.563" errors="0">
  <testcase name="registered" time="2.563" classname="scripts.RegisterTestCase"/>
</testsuite> <!-- scripts.RegisterTestCase -->
