<?xml version="1.0" encoding="UTF-8"?>
<!-- Generated by org.testng.reporters.JUnitReportReporter -->
<testsuite skipped="0" hostname="A2ML31095" name="scripts.AddBooks" tests="1" failures="0" timestamp="23 Nov 2020 09:46:29 GMT" time="3.779" errors="0">
  <testcase name="addBooks" time="3.779" classname="scripts.AddBooks"/>
</testsuite> <!-- scripts.AddBooks -->
