<?xml version="1.0" encoding="UTF-8"?>
<!-- Generated by org.testng.reporters.JUnitReportReporter -->
<testsuite skipped="0" hostname="DeepakVarma" name="apiConfigs.TestReusable" tests="1" failures="0" timestamp="2020-11-07T19:52:46 IST" time="8.411" errors="0">
  <testcase name="getTokenAndAuthorization" time="8.411" classname="apiConfigs.TestReusable"/>
  <system-out/>
</testsuite> <!-- apiConfigs.TestReusable -->
