<?xml version="1.0" encoding="UTF-8"?>
<!-- Generated by org.testng.reporters.JUnitReportReporter -->
<testsuite skipped="0" hostname="DeepakVarma" name="testCases.RegisterTestCase" tests="1" failures="0" timestamp="2020-11-07T15:51:12 IST" time="3.906" errors="0">
  <testcase name="registered" time="3.906" classname="testCases.RegisterTestCase"/>
  <system-out/>
</testsuite> <!-- testCases.RegisterTestCase -->
