<?xml version="1.0" encoding="UTF-8"?>
<!-- Generated by org.testng.reporters.JUnitReportReporter -->
<testsuite skipped="0" hostname="A2ML31095" name="scripts.AuthorizationTestCases" tests="2" failures="0" timestamp="20 Nov 2020 14:19:22 GMT" time="2.969" errors="0">
  <testcase name="authorizationPositive" time="1.734" classname="scripts.AuthorizationTestCases"/>
  <testcase name="authorizationNegative" time="1.235" classname="scripts.AuthorizationTestCases"/>
</testsuite> <!-- scripts.AuthorizationTestCases -->
