<?xml version="1.0" encoding="UTF-8"?>
<!-- Generated by org.testng.reporters.JUnitReportReporter -->
<testsuite skipped="0" hostname="DeepakVarma" name="testCases.Register" tests="1" failures="0" timestamp="2020-11-05T22:31:29 IST" time="3.174" errors="0">
  <testcase name="registered" time="3.174" classname="testCases.Register"/>
  <system-out/>
</testsuite> <!-- testCases.Register -->
