<?xml version="1.0" encoding="UTF-8"?>
<!-- Generated by org.testng.reporters.JUnitReportReporter -->
<testsuite skipped="0" hostname="A2ML31095" name="scripts.AddBooks" tests="1" failures="0" timestamp="25 Nov 2020 08:48:05 GMT" time="6.278" errors="0">
  <testcase name="addBooks" time="6.278" classname="scripts.AddBooks"/>
</testsuite> <!-- scripts.AddBooks -->
