<?xml version="1.0" encoding="UTF-8"?>
<!-- Generated by org.testng.reporters.JUnitReportReporter -->
<testsuite skipped="0" hostname="A2ML31095" name="scripts.AuthorizationTestCases" tests="2" failures="0" timestamp="2020-11-20T19:54:56 IST" time="2.804" errors="0">
  <testcase name="authorizationPositive" time="1.391" classname="scripts.AuthorizationTestCases"/>
  <system-out/>
  <testcase name="authorizationNegative" time="1.413" classname="scripts.AuthorizationTestCases"/>
  <system-out/>
</testsuite> <!-- scripts.AuthorizationTestCases -->
