<?xml version="1.0" encoding="UTF-8"?>
<!-- Generated by org.testng.reporters.JUnitReportReporter -->
<testsuite skipped="0" hostname="A2ML31095" name="scripts.TokenGenerationTestCase" tests="2" failures="0" timestamp="2020-11-25T15:13:12 IST" time="3.313" errors="0">
  <testcase name="getTokenPositive" time="1.635" classname="scripts.TokenGenerationTestCase"/>
  <system-out/>
  <testcase name="getTokenNegative" time="1.678" classname="scripts.TokenGenerationTestCase"/>
  <system-out/>
</testsuite> <!-- scripts.TokenGenerationTestCase -->
