<?xml version="1.0" encoding="UTF-8"?>
<!-- Generated by org.testng.reporters.JUnitReportReporter -->
<testsuite skipped="0" hostname="A2ML31095" name="scripts.TokenGenerationTestCase" tests="2" failures="0" timestamp="2020-11-20T19:54:56 IST" time="2.796" errors="0">
  <testcase name="getTokenPositive" time="1.304" classname="scripts.TokenGenerationTestCase"/>
  <system-out/>
  <testcase name="getTokenNegative" time="1.492" classname="scripts.TokenGenerationTestCase"/>
  <system-out/>
</testsuite> <!-- scripts.TokenGenerationTestCase -->
