<?xml version="1.0" encoding="UTF-8"?>
<!-- Generated by org.testng.reporters.JUnitReportReporter -->
<testsuite skipped="0" hostname="DeepakVarma" name="scripts.GetUser" tests="1" failures="0" timestamp="2020-11-14T15:48:31 IST" time="8.309" errors="0">
  <testcase name="getUser" time="8.309" classname="scripts.GetUser"/>
  <system-out/>
</testsuite> <!-- scripts.GetUser -->
