<?xml version="1.0" encoding="UTF-8"?>
<!-- Generated by org.testng.reporters.JUnitReportReporter -->
<testsuite skipped="0" hostname="A2ML31095" name="scripts.RegisterTestCase" tests="1" failures="0" timestamp="2020-11-18T12:43:04 IST" time="1.978" errors="0">
  <testcase name="registered" time="1.978" classname="scripts.RegisterTestCase"/>
  <system-out/>
</testsuite> <!-- scripts.RegisterTestCase -->
