<?xml version="1.0" encoding="UTF-8"?>
<!-- Generated by org.testng.reporters.JUnitReportReporter -->
<testsuite skipped="0" hostname="A2ML31095" name="scripts.GetUser" tests="1" failures="0" timestamp="2020-11-21T23:08:54 IST" time="8.225" errors="0">
  <testcase name="getUser" time="8.225" classname="scripts.GetUser"/>
  <system-out/>
</testsuite> <!-- scripts.GetUser -->
