<?xml version="1.0" encoding="UTF-8"?>
<!-- Generated by org.testng.reporters.JUnitReportReporter -->
<testsuite skipped="0" hostname="A2ML31095" name="scripts.GetUser" tests="1" failures="0" timestamp="2020-11-18T12:43:04 IST" time="6.070" errors="0">
  <testcase name="getUser" time="6.070" classname="scripts.GetUser"/>
  <system-out/>
</testsuite> <!-- scripts.GetUser -->
