<?xml version="1.0" encoding="UTF-8"?>
<!-- Generated by org.testng.reporters.JUnitReportReporter -->
<testsuite skipped="0" hostname="DeepakVarma" name="scripts.TokenGenerationTestCase" tests="2" failures="0" timestamp="2020-11-14T15:48:31 IST" time="3.498" errors="0">
  <testcase name="getTokenNegative" time="1.921" classname="scripts.TokenGenerationTestCase"/>
  <system-out/>
  <testcase name="getTokenPositive" time="1.577" classname="scripts.TokenGenerationTestCase"/>
  <system-out/>
</testsuite> <!-- scripts.TokenGenerationTestCase -->
