<?xml version="1.0" encoding="UTF-8"?>
<!-- Generated by org.testng.reporters.JUnitReportReporter -->
<testsuite skipped="0" hostname="A2ML31095" name="scripts.TokenGenerationTestCase" tests="2" failures="0" timestamp="2020-11-18T12:43:04 IST" time="2.897" errors="0">
  <testcase name="getTokenNegative" time="1.695" classname="scripts.TokenGenerationTestCase"/>
  <system-out/>
  <testcase name="getTokenPositive" time="1.202" classname="scripts.TokenGenerationTestCase"/>
  <system-out/>
</testsuite> <!-- scripts.TokenGenerationTestCase -->
